<?xml version="1.0" encoding="UTF-8"?>
<!-- Generated by org.testng.reporters.JUnitReportReporter -->
<testsuite hostname="DESKTOP-N60COK1" name="cucumber.options.TestRunner" tests="1" failures="0" timestamp="1 Aug 2020 18:53:56 GMT" time="36.559" errors="0">
  <testcase name="feature" time="36.559" classname="cucumber.options.TestRunner"/>
</testsuite> <!-- cucumber.options.TestRunner -->
