<?xml version="1.0" encoding="UTF-8"?>
<!-- Generated by org.testng.reporters.JUnitReportReporter -->
<testsuite hostname="DESKTOP-N60COK1" name="cucumber.options.TestRunner" tests="1" failures="0" timestamp="1 Aug 2020 15:35:18 GMT" time="22.093" errors="0">
  <testcase name="feature" time="22.093" classname="cucumber.options.TestRunner"/>
</testsuite> <!-- cucumber.options.TestRunner -->
